running egg_info
writing ../../build/turtlebot_package/turtlebot_package.egg-info/PKG-INFO
writing dependency_links to ../../build/turtlebot_package/turtlebot_package.egg-info/dependency_links.txt
writing entry points to ../../build/turtlebot_package/turtlebot_package.egg-info/entry_points.txt
writing requirements to ../../build/turtlebot_package/turtlebot_package.egg-info/requires.txt
writing top-level names to ../../build/turtlebot_package/turtlebot_package.egg-info/top_level.txt
reading manifest file '../../build/turtlebot_package/turtlebot_package.egg-info/SOURCES.txt'
writing manifest file '../../build/turtlebot_package/turtlebot_package.egg-info/SOURCES.txt'
running build
running build_py
copying turtlebot_package/__init__.py -> /home/manumorais/ponderada2/atividades_mod6/ponderada2/ros2_ws/build/turtlebot_package/build/lib/turtlebot_package
copying turtlebot_package/controller_1.py -> /home/manumorais/ponderada2/atividades_mod6/ponderada2/ros2_ws/build/turtlebot_package/build/lib/turtlebot_package
running install
running install_lib
copying /home/manumorais/ponderada2/atividades_mod6/ponderada2/ros2_ws/build/turtlebot_package/build/lib/turtlebot_package/__init__.py -> /home/manumorais/ponderada2/atividades_mod6/ponderada2/ros2_ws/install/turtlebot_package/lib/python3.10/site-packages/turtlebot_package
copying /home/manumorais/ponderada2/atividades_mod6/ponderada2/ros2_ws/build/turtlebot_package/build/lib/turtlebot_package/controller_1.py -> /home/manumorais/ponderada2/atividades_mod6/ponderada2/ros2_ws/install/turtlebot_package/lib/python3.10/site-packages/turtlebot_package
byte-compiling /home/manumorais/ponderada2/atividades_mod6/ponderada2/ros2_ws/install/turtlebot_package/lib/python3.10/site-packages/turtlebot_package/__init__.py to __init__.cpython-310.pyc
byte-compiling /home/manumorais/ponderada2/atividades_mod6/ponderada2/ros2_ws/install/turtlebot_package/lib/python3.10/site-packages/turtlebot_package/controller_1.py to controller_1.cpython-310.pyc
running install_data
running install_egg_info
removing '/home/manumorais/ponderada2/atividades_mod6/ponderada2/ros2_ws/install/turtlebot_package/lib/python3.10/site-packages/turtlebot_package-0.0.0-py3.10.egg-info' (and everything under it)
Copying ../../build/turtlebot_package/turtlebot_package.egg-info to /home/manumorais/ponderada2/atividades_mod6/ponderada2/ros2_ws/install/turtlebot_package/lib/python3.10/site-packages/turtlebot_package-0.0.0-py3.10.egg-info
running install_scripts
Installing entrypoint script to /home/manumorais/ponderada2/atividades_mod6/ponderada2/ros2_ws/install/turtlebot_package/lib/turtlebot_package
writing list of installed files to '/home/manumorais/ponderada2/atividades_mod6/ponderada2/ros2_ws/build/turtlebot_package/install.log'
