[0.954s] DEBUG:colcon:Command line arguments: ['/usr/bin/colcon', 'build', '--packages-select', 'turtlebot_package']
[0.955s] DEBUG:colcon:Parsed command line arguments: Namespace(log_base=None, log_level=None, verb_name='build', build_base='build', install_base='install', merge_install=False, symlink_install=False, test_result_base=None, continue_on_error=False, executor='parallel', parallel_workers=8, event_handlers=None, ignore_user_meta=False, metas=['./colcon.meta'], base_paths=['.'], packages_ignore=None, packages_ignore_regex=None, paths=None, packages_up_to=None, packages_up_to_regex=None, packages_above=None, packages_above_and_dependencies=None, packages_above_depth=None, packages_select_by_dep=None, packages_skip_by_dep=None, packages_skip_up_to=None, packages_select_build_failed=False, packages_skip_build_finished=False, packages_select_test_failures=False, packages_skip_test_passed=False, packages_select=['turtlebot_package'], packages_skip=None, packages_select_regex=None, packages_skip_regex=None, packages_start=None, packages_end=None, allow_overriding=[], cmake_args=None, cmake_target=None, cmake_target_skip_unavailable=False, cmake_clean_cache=False, cmake_clean_first=False, cmake_force_configure=False, ament_cmake_args=None, catkin_cmake_args=None, catkin_skip_building_tests=False, verb_parser=<colcon_defaults.argument_parser.defaults.DefaultArgumentsDecorator object at 0x7f4da48979d0>, verb_extension=<colcon_core.verb.build.BuildVerb object at 0x7f4da50133a0>, main=<bound method BuildVerb.main of <colcon_core.verb.build.BuildVerb object at 0x7f4da50133a0>>)
[1.034s] Level 1:colcon.colcon_core.package_discovery:discover_packages(colcon_meta) check parameters
[1.035s] Level 1:colcon.colcon_core.package_discovery:discover_packages(recursive) check parameters
[1.036s] Level 1:colcon.colcon_core.package_discovery:discover_packages(ignore) check parameters
[1.036s] Level 1:colcon.colcon_core.package_discovery:discover_packages(path) check parameters
[1.037s] Level 1:colcon.colcon_core.package_discovery:discover_packages(colcon_meta) discover
[1.039s] Level 1:colcon.colcon_core.package_discovery:discover_packages(recursive) discover
[1.040s] INFO:colcon.colcon_core.package_discovery:Crawling recursively for packages in '/home/manumorais/ponderada2/atividades_mod6/ponderada2/ros2_ws'
[1.040s] Level 1:colcon.colcon_core.package_identification:_identify(.) by extensions ['ignore', 'ignore_ament_install']
[1.040s] Level 1:colcon.colcon_core.package_identification:_identify(.) by extension 'ignore'
[1.041s] Level 1:colcon.colcon_core.package_identification:_identify(.) by extension 'ignore_ament_install'
[1.041s] Level 1:colcon.colcon_core.package_identification:_identify(.) by extensions ['colcon_pkg']
[1.041s] Level 1:colcon.colcon_core.package_identification:_identify(.) by extension 'colcon_pkg'
[1.042s] Level 1:colcon.colcon_core.package_identification:_identify(.) by extensions ['colcon_meta']
[1.042s] Level 1:colcon.colcon_core.package_identification:_identify(.) by extension 'colcon_meta'
[1.042s] Level 1:colcon.colcon_core.package_identification:_identify(.) by extensions ['ros']
[1.042s] Level 1:colcon.colcon_core.package_identification:_identify(.) by extension 'ros'
[1.072s] Level 1:colcon.colcon_core.package_identification:_identify(.) by extensions ['cmake', 'python']
[1.075s] Level 1:colcon.colcon_core.package_identification:_identify(.) by extension 'cmake'
[1.075s] Level 1:colcon.colcon_core.package_identification:_identify(.) by extension 'python'
[1.075s] Level 1:colcon.colcon_core.package_identification:_identify(.) by extensions ['python_setup_py']
[1.075s] Level 1:colcon.colcon_core.package_identification:_identify(.) by extension 'python_setup_py'
[1.076s] Level 1:colcon.colcon_core.package_identification:_identify(build) by extensions ['ignore', 'ignore_ament_install']
[1.076s] Level 1:colcon.colcon_core.package_identification:_identify(build) by extension 'ignore'
[1.076s] Level 1:colcon.colcon_core.package_identification:_identify(build) ignored
[1.076s] Level 1:colcon.colcon_core.package_identification:_identify(install) by extensions ['ignore', 'ignore_ament_install']
[1.077s] Level 1:colcon.colcon_core.package_identification:_identify(install) by extension 'ignore'
[1.077s] Level 1:colcon.colcon_core.package_identification:_identify(install) ignored
[1.077s] Level 1:colcon.colcon_core.package_identification:_identify(log) by extensions ['ignore', 'ignore_ament_install']
[1.077s] Level 1:colcon.colcon_core.package_identification:_identify(log) by extension 'ignore'
[1.077s] Level 1:colcon.colcon_core.package_identification:_identify(log) ignored
[1.078s] Level 1:colcon.colcon_core.package_identification:_identify(src) by extensions ['ignore', 'ignore_ament_install']
[1.078s] Level 1:colcon.colcon_core.package_identification:_identify(src) by extension 'ignore'
[1.078s] Level 1:colcon.colcon_core.package_identification:_identify(src) by extension 'ignore_ament_install'
[1.079s] Level 1:colcon.colcon_core.package_identification:_identify(src) by extensions ['colcon_pkg']
[1.079s] Level 1:colcon.colcon_core.package_identification:_identify(src) by extension 'colcon_pkg'
[1.079s] Level 1:colcon.colcon_core.package_identification:_identify(src) by extensions ['colcon_meta']
[1.080s] Level 1:colcon.colcon_core.package_identification:_identify(src) by extension 'colcon_meta'
[1.080s] Level 1:colcon.colcon_core.package_identification:_identify(src) by extensions ['ros']
[1.080s] Level 1:colcon.colcon_core.package_identification:_identify(src) by extension 'ros'
[1.080s] Level 1:colcon.colcon_core.package_identification:_identify(src) by extensions ['cmake', 'python']
[1.080s] Level 1:colcon.colcon_core.package_identification:_identify(src) by extension 'cmake'
[1.080s] Level 1:colcon.colcon_core.package_identification:_identify(src) by extension 'python'
[1.081s] Level 1:colcon.colcon_core.package_identification:_identify(src) by extensions ['python_setup_py']
[1.081s] Level 1:colcon.colcon_core.package_identification:_identify(src) by extension 'python_setup_py'
[1.081s] Level 1:colcon.colcon_core.package_identification:_identify(src/turtlebot_package) by extensions ['ignore', 'ignore_ament_install']
[1.081s] Level 1:colcon.colcon_core.package_identification:_identify(src/turtlebot_package) by extension 'ignore'
[1.082s] Level 1:colcon.colcon_core.package_identification:_identify(src/turtlebot_package) by extension 'ignore_ament_install'
[1.082s] Level 1:colcon.colcon_core.package_identification:_identify(src/turtlebot_package) by extensions ['colcon_pkg']
[1.082s] Level 1:colcon.colcon_core.package_identification:_identify(src/turtlebot_package) by extension 'colcon_pkg'
[1.082s] Level 1:colcon.colcon_core.package_identification:_identify(src/turtlebot_package) by extensions ['colcon_meta']
[1.082s] Level 1:colcon.colcon_core.package_identification:_identify(src/turtlebot_package) by extension 'colcon_meta'
[1.083s] Level 1:colcon.colcon_core.package_identification:_identify(src/turtlebot_package) by extensions ['ros']
[1.083s] Level 1:colcon.colcon_core.package_identification:_identify(src/turtlebot_package) by extension 'ros'
[1.087s] DEBUG:colcon.colcon_core.package_identification:Package 'src/turtlebot_package' with type 'ros.ament_python' and name 'turtlebot_package'
[1.088s] Level 1:colcon.colcon_core.package_discovery:discover_packages(recursive) using defaults
[1.088s] Level 1:colcon.colcon_core.package_discovery:discover_packages(ignore) discover
[1.089s] Level 1:colcon.colcon_core.package_discovery:discover_packages(ignore) using defaults
[1.090s] Level 1:colcon.colcon_core.package_discovery:discover_packages(path) discover
[1.091s] Level 1:colcon.colcon_core.package_discovery:discover_packages(path) using defaults
[1.136s] Level 1:colcon.colcon_core.package_discovery:discover_packages(prefix_path) check parameters
[1.137s] Level 1:colcon.colcon_core.package_discovery:discover_packages(prefix_path) discover
[1.141s] DEBUG:colcon.colcon_installed_package_information.package_discovery:Found 1 installed packages in /home/manumorais/ponderada2/atividades_mod6/ponderada2/ros2_ws/install
[1.144s] DEBUG:colcon.colcon_installed_package_information.package_discovery:Found 381 installed packages in /opt/ros/humble
[1.149s] Level 1:colcon.colcon_core.package_discovery:discover_packages(prefix_path) using defaults
[1.296s] Level 5:colcon.colcon_core.verb:set package 'turtlebot_package' build argument 'cmake_args' from command line to 'None'
[1.296s] Level 5:colcon.colcon_core.verb:set package 'turtlebot_package' build argument 'cmake_target' from command line to 'None'
[1.296s] Level 5:colcon.colcon_core.verb:set package 'turtlebot_package' build argument 'cmake_target_skip_unavailable' from command line to 'False'
[1.296s] Level 5:colcon.colcon_core.verb:set package 'turtlebot_package' build argument 'cmake_clean_cache' from command line to 'False'
[1.296s] Level 5:colcon.colcon_core.verb:set package 'turtlebot_package' build argument 'cmake_clean_first' from command line to 'False'
[1.297s] Level 5:colcon.colcon_core.verb:set package 'turtlebot_package' build argument 'cmake_force_configure' from command line to 'False'
[1.297s] Level 5:colcon.colcon_core.verb:set package 'turtlebot_package' build argument 'ament_cmake_args' from command line to 'None'
[1.297s] Level 5:colcon.colcon_core.verb:set package 'turtlebot_package' build argument 'catkin_cmake_args' from command line to 'None'
[1.297s] Level 5:colcon.colcon_core.verb:set package 'turtlebot_package' build argument 'catkin_skip_building_tests' from command line to 'False'
[1.297s] DEBUG:colcon.colcon_core.verb:Building package 'turtlebot_package' with the following arguments: {'ament_cmake_args': None, 'build_base': '/home/manumorais/ponderada2/atividades_mod6/ponderada2/ros2_ws/build/turtlebot_package', 'catkin_cmake_args': None, 'catkin_skip_building_tests': False, 'cmake_args': None, 'cmake_clean_cache': False, 'cmake_clean_first': False, 'cmake_force_configure': False, 'cmake_target': None, 'cmake_target_skip_unavailable': False, 'install_base': '/home/manumorais/ponderada2/atividades_mod6/ponderada2/ros2_ws/install/turtlebot_package', 'merge_install': False, 'path': '/home/manumorais/ponderada2/atividades_mod6/ponderada2/ros2_ws/src/turtlebot_package', 'symlink_install': False, 'test_result_base': None}
[1.299s] INFO:colcon.colcon_core.executor:Executing jobs using 'parallel' executor
[1.308s] DEBUG:colcon.colcon_parallel_executor.executor.parallel:run_until_complete
[1.309s] INFO:colcon.colcon_ros.task.ament_python.build:Building ROS package in '/home/manumorais/ponderada2/atividades_mod6/ponderada2/ros2_ws/src/turtlebot_package' with build type 'ament_python'
[1.310s] Level 1:colcon.colcon_core.shell:create_environment_hook('turtlebot_package', 'ament_prefix_path')
[1.332s] INFO:colcon.colcon_core.plugin_system:Skipping extension 'colcon_core.shell.bat': Not used on non-Windows systems
[1.334s] INFO:colcon.colcon_core.shell:Creating environment hook '/home/manumorais/ponderada2/atividades_mod6/ponderada2/ros2_ws/install/turtlebot_package/share/turtlebot_package/hook/ament_prefix_path.ps1'
[1.336s] INFO:colcon.colcon_core.shell:Creating environment descriptor '/home/manumorais/ponderada2/atividades_mod6/ponderada2/ros2_ws/install/turtlebot_package/share/turtlebot_package/hook/ament_prefix_path.dsv'
[1.337s] INFO:colcon.colcon_core.shell:Creating environment hook '/home/manumorais/ponderada2/atividades_mod6/ponderada2/ros2_ws/install/turtlebot_package/share/turtlebot_package/hook/ament_prefix_path.sh'
[1.340s] INFO:colcon.colcon_core.shell:Skip shell extension 'powershell' for command environment: Not usable outside of PowerShell
[1.340s] DEBUG:colcon.colcon_core.shell:Skip shell extension 'dsv' for command environment
[1.969s] INFO:colcon.colcon_core.task.python.build:Building Python package in '/home/manumorais/ponderada2/atividades_mod6/ponderada2/ros2_ws/src/turtlebot_package'
[1.971s] INFO:colcon.colcon_core.shell:Skip shell extension 'powershell' for command environment: Not usable outside of PowerShell
[1.971s] DEBUG:colcon.colcon_core.shell:Skip shell extension 'dsv' for command environment
[2.740s] DEBUG:colcon.colcon_core.event_handler.log_command:Invoking command in '/home/manumorais/ponderada2/atividades_mod6/ponderada2/ros2_ws/src/turtlebot_package': PYTHONPATH=/home/manumorais/ponderada2/atividades_mod6/ponderada2/ros2_ws/build/turtlebot_package/prefix_override:/home/manumorais/ponderada2/atividades_mod6/ponderada2/ros2_ws/install/turtlebot_package/lib/python3.10/site-packages:${PYTHONPATH} /usr/bin/python3 setup.py egg_info --egg-base ../../build/turtlebot_package build --build-base /home/manumorais/ponderada2/atividades_mod6/ponderada2/ros2_ws/build/turtlebot_package/build install --record /home/manumorais/ponderada2/atividades_mod6/ponderada2/ros2_ws/build/turtlebot_package/install.log --single-version-externally-managed
[3.457s] DEBUG:colcon.colcon_core.event_handler.log_command:Invoked command in '/home/manumorais/ponderada2/atividades_mod6/ponderada2/ros2_ws/src/turtlebot_package' returned '0': PYTHONPATH=/home/manumorais/ponderada2/atividades_mod6/ponderada2/ros2_ws/build/turtlebot_package/prefix_override:/home/manumorais/ponderada2/atividades_mod6/ponderada2/ros2_ws/install/turtlebot_package/lib/python3.10/site-packages:${PYTHONPATH} /usr/bin/python3 setup.py egg_info --egg-base ../../build/turtlebot_package build --build-base /home/manumorais/ponderada2/atividades_mod6/ponderada2/ros2_ws/build/turtlebot_package/build install --record /home/manumorais/ponderada2/atividades_mod6/ponderada2/ros2_ws/build/turtlebot_package/install.log --single-version-externally-managed
[3.464s] Level 1:colcon.colcon_core.environment:checking '/home/manumorais/ponderada2/atividades_mod6/ponderada2/ros2_ws/install/turtlebot_package' for CMake module files
[3.465s] Level 1:colcon.colcon_core.environment:checking '/home/manumorais/ponderada2/atividades_mod6/ponderada2/ros2_ws/install/turtlebot_package' for CMake config files
[3.469s] Level 1:colcon.colcon_core.environment:checking '/home/manumorais/ponderada2/atividades_mod6/ponderada2/ros2_ws/install/turtlebot_package/lib'
[3.470s] Level 1:colcon.colcon_core.environment:checking '/home/manumorais/ponderada2/atividades_mod6/ponderada2/ros2_ws/install/turtlebot_package/bin'
[3.470s] Level 1:colcon.colcon_core.environment:checking '/home/manumorais/ponderada2/atividades_mod6/ponderada2/ros2_ws/install/turtlebot_package/lib/pkgconfig/turtlebot_package.pc'
[3.473s] Level 1:colcon.colcon_core.environment:checking '/home/manumorais/ponderada2/atividades_mod6/ponderada2/ros2_ws/install/turtlebot_package/lib/python3.10/site-packages'
[3.473s] Level 1:colcon.colcon_core.shell:create_environment_hook('turtlebot_package', 'pythonpath')
[3.476s] INFO:colcon.colcon_core.shell:Creating environment hook '/home/manumorais/ponderada2/atividades_mod6/ponderada2/ros2_ws/install/turtlebot_package/share/turtlebot_package/hook/pythonpath.ps1'
[3.477s] INFO:colcon.colcon_core.shell:Creating environment descriptor '/home/manumorais/ponderada2/atividades_mod6/ponderada2/ros2_ws/install/turtlebot_package/share/turtlebot_package/hook/pythonpath.dsv'
[3.478s] INFO:colcon.colcon_core.shell:Creating environment hook '/home/manumorais/ponderada2/atividades_mod6/ponderada2/ros2_ws/install/turtlebot_package/share/turtlebot_package/hook/pythonpath.sh'
[3.479s] Level 1:colcon.colcon_core.environment:checking '/home/manumorais/ponderada2/atividades_mod6/ponderada2/ros2_ws/install/turtlebot_package/bin'
[3.479s] Level 1:colcon.colcon_core.environment:create_environment_scripts_only(turtlebot_package)
[3.481s] INFO:colcon.colcon_core.shell:Creating package script '/home/manumorais/ponderada2/atividades_mod6/ponderada2/ros2_ws/install/turtlebot_package/share/turtlebot_package/package.ps1'
[3.483s] INFO:colcon.colcon_core.shell:Creating package descriptor '/home/manumorais/ponderada2/atividades_mod6/ponderada2/ros2_ws/install/turtlebot_package/share/turtlebot_package/package.dsv'
[3.494s] INFO:colcon.colcon_core.shell:Creating package script '/home/manumorais/ponderada2/atividades_mod6/ponderada2/ros2_ws/install/turtlebot_package/share/turtlebot_package/package.sh'
[3.496s] INFO:colcon.colcon_core.shell:Creating package script '/home/manumorais/ponderada2/atividades_mod6/ponderada2/ros2_ws/install/turtlebot_package/share/turtlebot_package/package.bash'
[3.498s] INFO:colcon.colcon_core.shell:Creating package script '/home/manumorais/ponderada2/atividades_mod6/ponderada2/ros2_ws/install/turtlebot_package/share/turtlebot_package/package.zsh'
[3.504s] Level 1:colcon.colcon_core.environment:create_file_with_runtime_dependencies(/home/manumorais/ponderada2/atividades_mod6/ponderada2/ros2_ws/install/turtlebot_package/share/colcon-core/packages/turtlebot_package)
[3.511s] DEBUG:colcon.colcon_parallel_executor.executor.parallel:closing loop
[3.511s] DEBUG:colcon.colcon_parallel_executor.executor.parallel:loop closed
[3.511s] DEBUG:colcon.colcon_parallel_executor.executor.parallel:run_until_complete finished with '0'
[3.512s] DEBUG:colcon.colcon_core.event_reactor:joining thread
[3.674s] INFO:colcon.colcon_core.plugin_system:Skipping extension 'colcon_notification.desktop_notification.notify_send': Could not find 'notify-send'
[3.675s] INFO:colcon.colcon_core.plugin_system:Skipping extension 'colcon_notification.desktop_notification.terminal_notifier': Not used on non-Darwin systems
[3.675s] INFO:colcon.colcon_core.plugin_system:Skipping extension 'colcon_notification.desktop_notification.win32': Not used on non-Windows systems
[3.675s] INFO:colcon.colcon_notification.desktop_notification:Sending desktop notification using 'notify2'
[3.685s] DEBUG:colcon.colcon_notification.desktop_notification.notify2:Failed to initialize notify2: org.freedesktop.DBus.Error.ServiceUnknown: The name org.freedesktop.Notifications was not provided by any .service files
[3.686s] DEBUG:colcon.colcon_core.event_reactor:joined thread
[3.690s] INFO:colcon.colcon_core.shell:Creating prefix script '/home/manumorais/ponderada2/atividades_mod6/ponderada2/ros2_ws/install/local_setup.ps1'
[3.692s] INFO:colcon.colcon_core.shell:Creating prefix util module '/home/manumorais/ponderada2/atividades_mod6/ponderada2/ros2_ws/install/_local_setup_util_ps1.py'
[3.695s] INFO:colcon.colcon_core.shell:Creating prefix chain script '/home/manumorais/ponderada2/atividades_mod6/ponderada2/ros2_ws/install/setup.ps1'
[3.698s] INFO:colcon.colcon_core.shell:Creating prefix script '/home/manumorais/ponderada2/atividades_mod6/ponderada2/ros2_ws/install/local_setup.sh'
[3.700s] INFO:colcon.colcon_core.shell:Creating prefix util module '/home/manumorais/ponderada2/atividades_mod6/ponderada2/ros2_ws/install/_local_setup_util_sh.py'
[3.703s] INFO:colcon.colcon_core.shell:Creating prefix chain script '/home/manumorais/ponderada2/atividades_mod6/ponderada2/ros2_ws/install/setup.sh'
[3.705s] INFO:colcon.colcon_core.shell:Creating prefix script '/home/manumorais/ponderada2/atividades_mod6/ponderada2/ros2_ws/install/local_setup.bash'
[3.706s] INFO:colcon.colcon_core.shell:Creating prefix chain script '/home/manumorais/ponderada2/atividades_mod6/ponderada2/ros2_ws/install/setup.bash'
[3.709s] INFO:colcon.colcon_core.shell:Creating prefix script '/home/manumorais/ponderada2/atividades_mod6/ponderada2/ros2_ws/install/local_setup.zsh'
[3.709s] INFO:colcon.colcon_core.shell:Creating prefix chain script '/home/manumorais/ponderada2/atividades_mod6/ponderada2/ros2_ws/install/setup.zsh'
