[1.947s] Invoking command in '/home/manumorais/ponderada2/atividades_mod6/ponderada2/ros2_ws/src/turtlebot_package': PYTHONPATH=/home/manumorais/ponderada2/atividades_mod6/ponderada2/ros2_ws/build/turtlebot_package/prefix_override:/home/manumorais/ponderada2/atividades_mod6/ponderada2/ros2_ws/install/turtlebot_package/lib/python3.10/site-packages:${PYTHONPATH} /usr/bin/python3 setup.py egg_info --egg-base ../../build/turtlebot_package build --build-base /home/manumorais/ponderada2/atividades_mod6/ponderada2/ros2_ws/build/turtlebot_package/build install --record /home/manumorais/ponderada2/atividades_mod6/ponderada2/ros2_ws/build/turtlebot_package/install.log --single-version-externally-managed
[2.728s] running egg_info
[2.729s] creating ../../build/turtlebot_package/turtlebot_package.egg-info
[2.730s] writing ../../build/turtlebot_package/turtlebot_package.egg-info/PKG-INFO
[2.731s] writing dependency_links to ../../build/turtlebot_package/turtlebot_package.egg-info/dependency_links.txt
[2.731s] writing entry points to ../../build/turtlebot_package/turtlebot_package.egg-info/entry_points.txt
[2.732s] writing requirements to ../../build/turtlebot_package/turtlebot_package.egg-info/requires.txt
[2.732s] writing top-level names to ../../build/turtlebot_package/turtlebot_package.egg-info/top_level.txt
[2.733s] writing manifest file '../../build/turtlebot_package/turtlebot_package.egg-info/SOURCES.txt'
[2.744s] reading manifest file '../../build/turtlebot_package/turtlebot_package.egg-info/SOURCES.txt'
[2.746s] writing manifest file '../../build/turtlebot_package/turtlebot_package.egg-info/SOURCES.txt'
[2.747s] running build
[2.747s] running build_py
[2.747s] creating /home/manumorais/ponderada2/atividades_mod6/ponderada2/ros2_ws/build/turtlebot_package/build
[2.748s] creating /home/manumorais/ponderada2/atividades_mod6/ponderada2/ros2_ws/build/turtlebot_package/build/lib
[2.748s] creating /home/manumorais/ponderada2/atividades_mod6/ponderada2/ros2_ws/build/turtlebot_package/build/lib/turtlebot_package
[2.749s] copying turtlebot_package/__init__.py -> /home/manumorais/ponderada2/atividades_mod6/ponderada2/ros2_ws/build/turtlebot_package/build/lib/turtlebot_package
[2.749s] running install
[2.751s] /usr/lib/python3/dist-packages/setuptools/command/install.py:34: SetuptoolsDeprecationWarning: setup.py install is deprecated. Use build and pip and other standards-based tools.
[2.751s]   warnings.warn(
[2.752s] running install_lib
[2.754s] creating /home/manumorais/ponderada2/atividades_mod6/ponderada2/ros2_ws/install/turtlebot_package/lib/python3.10/site-packages/turtlebot_package
[2.756s] copying /home/manumorais/ponderada2/atividades_mod6/ponderada2/ros2_ws/build/turtlebot_package/build/lib/turtlebot_package/__init__.py -> /home/manumorais/ponderada2/atividades_mod6/ponderada2/ros2_ws/install/turtlebot_package/lib/python3.10/site-packages/turtlebot_package
[2.757s] byte-compiling /home/manumorais/ponderada2/atividades_mod6/ponderada2/ros2_ws/install/turtlebot_package/lib/python3.10/site-packages/turtlebot_package/__init__.py to __init__.cpython-310.pyc
[2.762s] running install_data
[2.763s] creating /home/manumorais/ponderada2/atividades_mod6/ponderada2/ros2_ws/install/turtlebot_package/share/ament_index
[2.765s] creating /home/manumorais/ponderada2/atividades_mod6/ponderada2/ros2_ws/install/turtlebot_package/share/ament_index/resource_index
[2.765s] creating /home/manumorais/ponderada2/atividades_mod6/ponderada2/ros2_ws/install/turtlebot_package/share/ament_index/resource_index/packages
[2.765s] copying resource/turtlebot_package -> /home/manumorais/ponderada2/atividades_mod6/ponderada2/ros2_ws/install/turtlebot_package/share/ament_index/resource_index/packages
[2.766s] copying package.xml -> /home/manumorais/ponderada2/atividades_mod6/ponderada2/ros2_ws/install/turtlebot_package/share/turtlebot_package
[2.766s] running install_egg_info
[2.772s] Copying ../../build/turtlebot_package/turtlebot_package.egg-info to /home/manumorais/ponderada2/atividades_mod6/ponderada2/ros2_ws/install/turtlebot_package/lib/python3.10/site-packages/turtlebot_package-0.0.0-py3.10.egg-info
[2.773s] running install_scripts
[2.830s] Installing entrypoint script to /home/manumorais/ponderada2/atividades_mod6/ponderada2/ros2_ws/install/turtlebot_package/lib/turtlebot_package
[2.830s] writing list of installed files to '/home/manumorais/ponderada2/atividades_mod6/ponderada2/ros2_ws/build/turtlebot_package/install.log'
[2.915s] Invoked command in '/home/manumorais/ponderada2/atividades_mod6/ponderada2/ros2_ws/src/turtlebot_package' returned '0': PYTHONPATH=/home/manumorais/ponderada2/atividades_mod6/ponderada2/ros2_ws/build/turtlebot_package/prefix_override:/home/manumorais/ponderada2/atividades_mod6/ponderada2/ros2_ws/install/turtlebot_package/lib/python3.10/site-packages:${PYTHONPATH} /usr/bin/python3 setup.py egg_info --egg-base ../../build/turtlebot_package build --build-base /home/manumorais/ponderada2/atividades_mod6/ponderada2/ros2_ws/build/turtlebot_package/build install --record /home/manumorais/ponderada2/atividades_mod6/ponderada2/ros2_ws/build/turtlebot_package/install.log --single-version-externally-managed
